<?xml version="1.0" encoding="UTF-8"?>
<testsuite name="com.example.tobby.user.dao.UserDaoTest" tests="9" skipped="0" failures="0" errors="0" timestamp="2023-07-24T06:14:22" hostname="DESKTOP-J2EHI2R" time="1.905">
  <properties/>
  <testcase name="getUserFailure()" classname="com.example.tobby.user.dao.UserDaoTest" time="1.123"/>
  <testcase name="userDaoReturnSameObj()" classname="com.example.tobby.user.dao.UserDaoTest" time="0.019"/>
  <testcase name="getAll()" classname="com.example.tobby.user.dao.UserDaoTest" time="0.188"/>
  <testcase name="add_get()" classname="com.example.tobby.user.dao.UserDaoTest" time="0.053"/>
  <testcase name="addAndGet()" classname="com.example.tobby.user.dao.UserDaoTest" time="0.118"/>
  <testcase name="count()" classname="com.example.tobby.user.dao.UserDaoTest" time="0.16"/>
  <testcase name="duplicateKey()" classname="com.example.tobby.user.dao.UserDaoTest" time="0.068"/>
  <testcase name="UserDaoXMLTest()" classname="com.example.tobby.user.dao.UserDaoTest" time="0.063"/>
  <testcase name="sqlExceptionTranslate()" classname="com.example.tobby.user.dao.UserDaoTest" time="0.102"/>
  <system-out><![CDATA[
  .   ____          _            __ _ _
 /\\ / ___'_ __ _ _(_)_ __  __ _ \ \ \ \
( ( )\___ | '_ | '_| | '_ \/ _` | \ \ \ \
 \\/  ___)| |_)| | | | | || (_| |  ) ) ) )
  '  |____| .__|_| |_|_| |_\__, | / / / /
 =========|_|==============|___/=/_/_/_/
 :: Spring Boot ::                (v3.1.1)

2023-07-24T15:14:22.403+09:00  INFO 2424 --- [    Test worker] com.example.tobby.user.dao.UserDaoTest   : Starting UserDaoTest using Java 17.0.2 with PID 2424 (started by 192293 in C:\Users\192293\TIL\spring\tobby\tobby)
2023-07-24T15:14:22.405+09:00  INFO 2424 --- [    Test worker] com.example.tobby.user.dao.UserDaoTest   : No active profile set, falling back to 1 default profile: "default"
2023-07-24T15:14:22.659+09:00  INFO 2424 --- [    Test worker] com.example.tobby.user.dao.UserDaoTest   : Started UserDaoTest in 0.494 seconds (process running for 1.445)
context = org.springframework.web.context.support.GenericWebApplicationContext@377c68c6, started on Mon Jul 24 15:14:22 KST 2023
this = com.example.tobby.user.dao.UserDaoTest@5cf8676a
context = org.springframework.web.context.support.GenericWebApplicationContext@377c68c6, started on Mon Jul 24 15:14:22 KST 2023
this = com.example.tobby.user.dao.UserDaoTest@15605d83
context = org.springframework.web.context.support.GenericWebApplicationContext@377c68c6, started on Mon Jul 24 15:14:22 KST 2023
this = com.example.tobby.user.dao.UserDaoTest@3d104c9b
context = org.springframework.web.context.support.GenericWebApplicationContext@377c68c6, started on Mon Jul 24 15:14:22 KST 2023
this = com.example.tobby.user.dao.UserDaoTest@34a20f16
succeed c
c
탁민경
0000
succeedc
context = org.springframework.web.context.support.GenericWebApplicationContext@377c68c6, started on Mon Jul 24 15:14:22 KST 2023
this = com.example.tobby.user.dao.UserDaoTest@34136bd1
context = org.springframework.web.context.support.GenericWebApplicationContext@377c68c6, started on Mon Jul 24 15:14:22 KST 2023
this = com.example.tobby.user.dao.UserDaoTest@578a5ce8
context = org.springframework.web.context.support.GenericWebApplicationContext@377c68c6, started on Mon Jul 24 15:14:22 KST 2023
this = com.example.tobby.user.dao.UserDaoTest@63e5b8aa
context = org.springframework.web.context.support.GenericWebApplicationContext@377c68c6, started on Mon Jul 24 15:14:22 KST 2023
this = com.example.tobby.user.dao.UserDaoTest@2407a36c
succeed c
c
탁민경
0000
succeedc
context = org.springframework.web.context.support.GenericWebApplicationContext@377c68c6, started on Mon Jul 24 15:14:22 KST 2023
this = com.example.tobby.user.dao.UserDaoTest@21e5f0b6
]]></system-out>
  <system-err><![CDATA[]]></system-err>
</testsuite>
