<?xml version="1.0" encoding="UTF-8"?>
<testsuite name="com.example.tobby.ReflectionTest2" tests="1" skipped="0" failures="0" errors="0"
  timestamp="2023-08-19T06:28:41" hostname="DESKTOP-J2EHI2R" time="0.057">
  <properties/>
  <testcase name="Class 정보 중 Field 변경" classname="com.example.tobby.ReflectionTest2" time="0.057"/>
  <system-out><![CDATA[]]></system-out>
  <system-err><![CDATA[]]></system-err>
</testsuite>
